<?xml version="1.0" encoding="UTF-8"?>
<testng-results ignored="0" total="9" passed="8" failed="1" skipped="0">
  <reporter-output>
  </reporter-output>
  <suite started-at="2022-09-27T00:12:48 CDT" name="Default suite" finished-at="2022-09-27T00:14:10 CDT" duration-ms="81623">
    <groups>
    </groups>
    <test started-at="2022-09-27T00:12:48 CDT" name="Default test" finished-at="2022-09-27T00:14:10 CDT" duration-ms="81623">
      <class name="com.DSAlgo.TestCase.RegistrationPageTest">
        <test-method is-config="true" signature="beforeClass()[pri:0, instance:com.DSAlgo.TestCase.RegistrationPageTest@293cde83]" started-at="2022-09-27T00:12:48 CDT" name="beforeClass" finished-at="2022-09-27T00:13:06 CDT" duration-ms="17785" status="PASS">
          <reporter-output>
          </reporter-output>
        </test-method> <!-- beforeClass -->
        <test-method signature="registration_with_existuserTest()[pri:1, instance:com.DSAlgo.TestCase.RegistrationPageTest@293cde83]" started-at="2022-09-27T00:13:06 CDT" name="registration_with_existuserTest" finished-at="2022-09-27T00:13:28 CDT" duration-ms="21853" status="FAIL">
          <exception class="java.lang.AssertionError">
            <message>
              <![CDATA[expected [This user already exist,try with other one] but found [password_mismatch:The two password fields didn’t match.]]]>
            </message>
            <full-stacktrace>
              <![CDATA[java.lang.AssertionError: expected [This user already exist,try with other one] but found [password_mismatch:The two password fields didn’t match.]
at org.testng.Assert.fail(Assert.java:110)
at org.testng.Assert.failNotEquals(Assert.java:1413)
at org.testng.Assert.assertEqualsImpl(Assert.java:149)
at org.testng.Assert.assertEquals(Assert.java:131)
at org.testng.Assert.assertEquals(Assert.java:655)
at org.testng.Assert.assertEquals(Assert.java:665)
at com.DSAlgo.TestCase.RegistrationPageTest.registration_with_existuserTest(RegistrationPageTest.java:71)
at java.base/jdk.internal.reflect.DirectMethodHandleAccessor.invoke(DirectMethodHandleAccessor.java:104)
at java.base/java.lang.reflect.Method.invoke(Method.java:577)
at org.testng.internal.invokers.MethodInvocationHelper.invokeMethod(MethodInvocationHelper.java:135)
at org.testng.internal.invokers.TestInvoker.invokeMethod(TestInvoker.java:673)
at org.testng.internal.invokers.TestInvoker.invokeTestMethod(TestInvoker.java:220)
at org.testng.internal.invokers.MethodRunner.runInSequence(MethodRunner.java:50)
at org.testng.internal.invokers.TestInvoker$MethodInvocationAgent.invoke(TestInvoker.java:945)
at org.testng.internal.invokers.TestInvoker.invokeTestMethods(TestInvoker.java:193)
at org.testng.internal.invokers.TestMethodWorker.invokeTestMethods(TestMethodWorker.java:146)
at org.testng.internal.invokers.TestMethodWorker.run(TestMethodWorker.java:128)
at java.base/java.util.ArrayList.forEach(ArrayList.java:1511)
at org.testng.TestRunner.privateRun(TestRunner.java:808)
at org.testng.TestRunner.run(TestRunner.java:603)
at org.testng.SuiteRunner.runTest(SuiteRunner.java:429)
at org.testng.SuiteRunner.runSequentially(SuiteRunner.java:423)
at org.testng.SuiteRunner.privateRun(SuiteRunner.java:383)
at org.testng.SuiteRunner.run(SuiteRunner.java:326)
at org.testng.SuiteRunnerWorker.runSuite(SuiteRunnerWorker.java:52)
at org.testng.SuiteRunnerWorker.run(SuiteRunnerWorker.java:95)
at org.testng.TestNG.runSuitesSequentially(TestNG.java:1249)
at org.testng.TestNG.runSuitesLocally(TestNG.java:1169)
at org.testng.TestNG.runSuites(TestNG.java:1092)
at org.testng.TestNG.run(TestNG.java:1060)
at org.testng.remote.AbstractRemoteTestNG.run(AbstractRemoteTestNG.java:115)
at org.testng.remote.RemoteTestNG.initAndRun(RemoteTestNG.java:251)
at org.testng.remote.RemoteTestNG.main(RemoteTestNG.java:77)
]]>
            </full-stacktrace>
          </exception> <!-- java.lang.AssertionError -->
          <reporter-output>
          </reporter-output>
        </test-method> <!-- registration_with_existuserTest -->
        <test-method signature="registrationTest(java.lang.String,java.lang.String,java.lang.String,java.lang.String,java.lang.String)[pri:2, instance:com.DSAlgo.TestCase.RegistrationPageTest@293cde83]" started-at="2022-09-27T00:13:32 CDT" name="registrationTest" data-provider="regnData" finished-at="2022-09-27T00:13:40 CDT" duration-ms="7906" status="PASS">
          <params>
            <param index="0">
              <value is-null="true"/>
            </param>
            <param index="1">
              <value is-null="true"/>
            </param>
            <param index="2">
              <value is-null="true"/>
            </param>
            <param index="3">
              <value>
                <![CDATA[false]]>
              </value>
            </param>
            <param index="4">
              <value>
                <![CDATA[please fill out this filled]]>
              </value>
            </param>
          </params>
          <reporter-output>
          </reporter-output>
        </test-method> <!-- registrationTest -->
        <test-method signature="registrationTest(java.lang.String,java.lang.String,java.lang.String,java.lang.String,java.lang.String)[pri:2, instance:com.DSAlgo.TestCase.RegistrationPageTest@293cde83]" started-at="2022-09-27T00:13:40 CDT" name="registrationTest" data-provider="regnData" finished-at="2022-09-27T00:13:48 CDT" duration-ms="7792" status="PASS">
          <params>
            <param index="0">
              <value>
                <![CDATA[ABCDEFGH]]>
              </value>
            </param>
            <param index="1">
              <value>
                <![CDATA[xyz12345]]>
              </value>
            </param>
            <param index="2">
              <value is-null="true"/>
            </param>
            <param index="3">
              <value>
                <![CDATA[false]]>
              </value>
            </param>
            <param index="4">
              <value>
                <![CDATA[please fill out this filled]]>
              </value>
            </param>
          </params>
          <reporter-output>
          </reporter-output>
        </test-method> <!-- registrationTest -->
        <test-method signature="registrationTest(java.lang.String,java.lang.String,java.lang.String,java.lang.String,java.lang.String)[pri:2, instance:com.DSAlgo.TestCase.RegistrationPageTest@293cde83]" started-at="2022-09-27T00:13:48 CDT" name="registrationTest" data-provider="regnData" finished-at="2022-09-27T00:13:55 CDT" duration-ms="7695" status="PASS">
          <params>
            <param index="0">
              <value>
                <![CDATA[ABCDEFGH]]>
              </value>
            </param>
            <param index="1">
              <value is-null="true"/>
            </param>
            <param index="2">
              <value>
                <![CDATA[xyz12345]]>
              </value>
            </param>
            <param index="3">
              <value>
                <![CDATA[false]]>
              </value>
            </param>
            <param index="4">
              <value>
                <![CDATA[please fill out this filled]]>
              </value>
            </param>
          </params>
          <reporter-output>
          </reporter-output>
        </test-method> <!-- registrationTest -->
        <test-method signature="registrationTest(java.lang.String,java.lang.String,java.lang.String,java.lang.String,java.lang.String)[pri:2, instance:com.DSAlgo.TestCase.RegistrationPageTest@293cde83]" started-at="2022-09-27T00:13:55 CDT" name="registrationTest" data-provider="regnData" finished-at="2022-09-27T00:13:58 CDT" duration-ms="2767" status="PASS">
          <params>
            <param index="0">
              <value>
                <![CDATA[#$%++++#]]>
              </value>
            </param>
            <param index="1">
              <value>
                <![CDATA[xyz12345]]>
              </value>
            </param>
            <param index="2">
              <value>
                <![CDATA[xyz12345]]>
              </value>
            </param>
            <param index="3">
              <value>
                <![CDATA[false]]>
              </value>
            </param>
            <param index="4">
              <value>
                <![CDATA[Please enter a valid username]]>
              </value>
            </param>
          </params>
          <reporter-output>
          </reporter-output>
        </test-method> <!-- registrationTest -->
        <test-method signature="registrationTest(java.lang.String,java.lang.String,java.lang.String,java.lang.String,java.lang.String)[pri:2, instance:com.DSAlgo.TestCase.RegistrationPageTest@293cde83]" started-at="2022-09-27T00:13:58 CDT" name="registrationTest" data-provider="regnData" finished-at="2022-09-27T00:14:01 CDT" duration-ms="2677" status="PASS">
          <params>
            <param index="0">
              <value>
                <![CDATA[ABCDEFGH]]>
              </value>
            </param>
            <param index="1">
              <value>
                <![CDATA[xyz12345]]>
              </value>
            </param>
            <param index="2">
              <value>
                <![CDATA[12345xyz]]>
              </value>
            </param>
            <param index="3">
              <value>
                <![CDATA[false]]>
              </value>
            </param>
            <param index="4">
              <value>
                <![CDATA[password_mismatch:The two password fields didn’t match.]]>
              </value>
            </param>
          </params>
          <reporter-output>
          </reporter-output>
        </test-method> <!-- registrationTest -->
        <test-method signature="registrationTest(java.lang.String,java.lang.String,java.lang.String,java.lang.String,java.lang.String)[pri:2, instance:com.DSAlgo.TestCase.RegistrationPageTest@293cde83]" started-at="2022-09-27T00:14:01 CDT" name="registrationTest" data-provider="regnData" finished-at="2022-09-27T00:14:04 CDT" duration-ms="2749" status="PASS">
          <params>
            <param index="0">
              <value>
                <![CDATA[ABCDEFGH]]>
              </value>
            </param>
            <param index="1">
              <value>
                <![CDATA[xyz1234]]>
              </value>
            </param>
            <param index="2">
              <value>
                <![CDATA[xyz1234]]>
              </value>
            </param>
            <param index="3">
              <value>
                <![CDATA[false]]>
              </value>
            </param>
            <param index="4">
              <value>
                <![CDATA[Password should contain atleast 8 characters ]]>
              </value>
            </param>
          </params>
          <reporter-output>
          </reporter-output>
        </test-method> <!-- registrationTest -->
        <test-method signature="registrationTest(java.lang.String,java.lang.String,java.lang.String,java.lang.String,java.lang.String)[pri:2, instance:com.DSAlgo.TestCase.RegistrationPageTest@293cde83]" started-at="2022-09-27T00:14:04 CDT" name="registrationTest" data-provider="regnData" finished-at="2022-09-27T00:14:06 CDT" duration-ms="2832" status="PASS">
          <params>
            <param index="0">
              <value>
                <![CDATA[ABCDEFGH]]>
              </value>
            </param>
            <param index="1">
              <value>
                <![CDATA[12345678]]>
              </value>
            </param>
            <param index="2">
              <value>
                <![CDATA[12345678]]>
              </value>
            </param>
            <param index="3">
              <value>
                <![CDATA[false]]>
              </value>
            </param>
            <param index="4">
              <value>
                <![CDATA[Password should contain character with number ]]>
              </value>
            </param>
          </params>
          <reporter-output>
          </reporter-output>
        </test-method> <!-- registrationTest -->
        <test-method signature="registrationTest(java.lang.String,java.lang.String,java.lang.String,java.lang.String,java.lang.String)[pri:2, instance:com.DSAlgo.TestCase.RegistrationPageTest@293cde83]" started-at="2022-09-27T00:14:06 CDT" name="registrationTest" data-provider="regnData" finished-at="2022-09-27T00:14:09 CDT" duration-ms="3054" status="PASS">
          <params>
            <param index="0">
              <value>
                <![CDATA[ABCDEFGH]]>
              </value>
            </param>
            <param index="1">
              <value>
                <![CDATA[xyz12345]]>
              </value>
            </param>
            <param index="2">
              <value>
                <![CDATA[xyz12345]]>
              </value>
            </param>
            <param index="3">
              <value>
                <![CDATA[true]]>
              </value>
            </param>
            <param index="4">
              <value>
                <![CDATA[New Account Created. You are logged in as abcd1234 ]]>
              </value>
            </param>
          </params>
          <reporter-output>
          </reporter-output>
        </test-method> <!-- registrationTest -->
        <test-method is-config="true" signature="tearDown()[pri:0, instance:com.DSAlgo.TestCase.RegistrationPageTest@293cde83]" started-at="2022-09-27T00:14:09 CDT" name="tearDown" finished-at="2022-09-27T00:14:10 CDT" duration-ms="475" status="PASS">
          <reporter-output>
          </reporter-output>
        </test-method> <!-- tearDown -->
      </class> <!-- com.DSAlgo.TestCase.RegistrationPageTest -->
    </test> <!-- Default test -->
  </suite> <!-- Default suite -->
</testng-results>
